"../../../Engine/Content/ArtTools/RenderToTexture/Enums/RenderToTexture_Enum.uasset" 0
"../../../Engine/Content/ArtTools/RenderToTexture/Enums/RenderToTexture_Flipbook_Enum.uasset" 1
"../../../Engine/Content/ArtTools/RenderToTexture/Enums/RenderToTexture_Imposter_Enum.uasset" 2
"../../../Engine/Content/EditorBlueprintResources/StandardMacros.uasset" 3
"../../../Engine/Content/ArtTools/RenderToTexture/Enums/EIntTypes.uasset" 4
"../../../Engine/Content/ArtTools/RenderToTexture/Macros/RenderToTextureFunctionLibrary.uasset" 5
"../../../Engine/Content/ArtTools/RenderToTexture/Enums/EFloatTypes.uasset" 6
"../../../Engine/Content/ArtTools/RenderToTexture/Macros/RenderToTextureMacros.uasset" 7
"../../../Engine/Content/Functions/Engine_MaterialFunctions01/Opacity/CameraDepthFade.uasset" 8
"../../../Engine/Content/EngineMaterials/T_Default_Material_Grid_M.uasset" 9
"../../../Engine/Content/EngineMaterials/T_Default_Material_Grid_N.uasset" 10
"../../../Engine/Content/EngineMaterials/WorldGridMaterial.uasset" 11
"../../../Engine/Content/ArtTools/RenderToTexture/Meshes/S_1_Unit_Plane.uasset" 12
"../../../Engine/Content/EngineMaterials/DefaultMaterial.uasset" 13
"../../../Engine/Content/BasicShapes/Cone.uasset" 14
"../../../Engine/Content/BasicShapes/Cube.uasset" 15
"../../../Engine/Content/BasicShapes/Cylinder.uasset" 16
"../../../Engine/Content/EngineMaterials/DefaultPhysicalMaterial.uasset" 17
"../../../Engine/Content/BufferVisualization/AmbientOcclusion.uasset" 18
"../../../Engine/Content/BufferVisualization/BaseColor.uasset" 19
"../../../Engine/Content/BufferVisualization/CustomDepth.uasset" 20
"../../../Engine/Content/Functions/Engine_MaterialFunctions02/Utility/VectorLength.uasset" 21
"../../../Engine/Content/BufferVisualization/CustomDepthWorldUnits.uasset" 22
"../../../Engine/Content/Functions/Engine_MaterialFunctions02/Utility/BreakOutFloat2Components.uasset" 23
"../../../Engine/Content/Functions/Engine_MaterialFunctions01/Texturing/ScaleUVsByCenter.uasset" 24
"../../../Engine/Content/Functions/Engine_MaterialFunctions02/ScreenResolution.uasset" 25
"../../../Engine/Content/Functions/Engine_MaterialFunctions02/Texturing/ScreenAlignedUVs.uasset" 26
"../../../Engine/Content/Functions/Engine_MaterialFunctions02/Utility/MakeFloat2.uasset" 27
"../../../Engine/Content/Functions/Engine_MaterialFunctions02/Utility/MakeFloat3.uasset" 28
"../../../Engine/Content/EngineMaterials/MiniFont.uasset" 29
"../../../Engine/Content/BufferVisualization/CustomStencil.uasset" 30
"../../../Engine/Content/BufferVisualization/FinalImage.uasset" 31
"../../../Engine/Content/BufferVisualization/LightingModel.uasset" 32
"../../../Engine/Content/BufferVisualization/MaterialAO.uasset" 33
"../../../Engine/Content/BufferVisualization/Metallic.uasset" 34
"../../../Engine/Content/BufferVisualization/Opacity.uasset" 35
"../../../Engine/Content/BufferVisualization/PostTonemapHDRColor.uasset" 36
"../../../Engine/Content/BufferVisualization/PreTonemapHDRColor.uasset" 37
"../../../Engine/Content/BufferVisualization/Roughness.uasset" 38
"../../../Engine/Content/BufferVisualization/SceneColor.uasset" 39
"../../../Engine/Content/BufferVisualization/SceneDepth.uasset" 40
"../../../Engine/Content/BufferVisualization/SceneDepthWorldUnits.uasset" 41
"../../../Engine/Content/BufferVisualization/SeparateTranslucencyA.uasset" 42
"../../../Engine/Content/BufferVisualization/SeparateTranslucencyRGB.uasset" 43
"../../../Engine/Content/BufferVisualization/Specular.uasset" 44
"../../../Engine/Content/BufferVisualization/SubsurfaceColor.uasset" 45
"../../../Engine/Content/BufferVisualization/Velocity.uasset" 46
"../../../Engine/Content/BufferVisualization/WorldNormal.uasset" 47
"../../../Engine/Content/EditorBlueprintResources/ActorMacros.uasset" 48
"../../../Engine/Content/EditorLandscapeResources/DataLayer.uasset" 49
"../../../Engine/Content/EditorLandscapeResources/DefaultAlphaTexture.uasset" 50
"../../../Engine/Content/EditorLandscapeResources/LandscapeGizmoHeight_Mat.uasset" 51
"../../../Engine/Content/EditorLandscapeResources/LandscapeGizmo_Mat.uasset" 52
"../../../Engine/Content/EditorLandscapeResources/LandscapeGizmo_Mat_Copied.uasset" 53
"../../../Engine/Content/EditorLandscapeResources/SplineEditorMeshMat.uasset" 54
"../../../Engine/Content/EditorLandscapeResources/SplineEditorMesh.uasset" 55
"../../../Engine/Content/EditorMaterials/Cross.uasset" 56
"../../../Engine/Content/EditorMaterials/Cross_Mat.uasset" 57
"../../../Engine/Content/EngineMaterials/DefaultDiffuse.uasset" 58
"../../../Engine/Content/Functions/Engine_MaterialFunctions01/Texturing/TextureCropping.uasset" 59
"../../../Engine/Content/Functions/Engine_MaterialFunctions01/Texturing/ComputeMipLevel.uasset" 60
"../../../Engine/Content/Functions/Engine_MaterialFunctions02/ExampleContent/DebugNumberStrip.uasset" 61
"../../../Engine/Content/Functions/Engine_MaterialFunctions02/ExampleContent/Textures/DebugNumberPeriod.uasset" 62
"../../../Engine/Content/Functions/Engine_MaterialFunctions02/Utility/DebugScalarValues.uasset" 63
"../../../Engine/Content/Functions/Engine_MaterialFunctions02/Utility/DebugFloat2Values.uasset" 64
"../../../Engine/Content/Functions/Engine_MaterialFunctions02/ExampleContent/Textures/flipbook.uasset" 65
"../../../Engine/Content/Functions/Engine_MaterialFunctions02/Texturing/FlipBook.uasset" 66
"../../../Engine/Content/Functions/Engine_MaterialFunctions02/Utility/Sign.uasset" 67
"../../../Engine/Content/Functions/Engine_MaterialFunctions02/Utility/Round.uasset" 68
"../../../Engine/Content/EditorResources/T_EditorHelp.uasset" 69
"../../../Engine/Content/EditorMaterials/HelpActorMaterial.uasset" 70
"../../../Engine/Content/EditorMaterials/CompositeARGBLayer.uasset" 71
"../../../Engine/Content/EditorMaterials/TilingAALineIntegral.uasset" 72
"../../../Engine/Content/EditorMaterials/TilingAALineBoxFiltered.uasset" 73
"../../../Engine/Content/Functions/Engine_MaterialFunctions03/Procedurals/ComputeFilterWidth.uasset" 74
"../../../Engine/Content/EditorMaterials/TilingAADots.uasset" 75
"../../../Engine/Content/EngineMaterials/BlendFunc_DefBase.uasset" 76
"../../../Engine/Content/EngineMaterials/BlendFunc_DefBlend.uasset" 77
"../../../Engine/Content/Functions/Engine_MaterialFunctions03/Blends/Blend_Screen.uasset" 78
"../../../Engine/Content/EditorMaterials/TilingAAGrid.uasset" 79
"../../../Engine/Content/EditorMaterials/LevelGridMaterial.uasset" 80
"../../../Engine/Content/EditorMaterials/MakeCompositeARGBLayer.uasset" 81
"../../../Engine/Content/EditorResources/LevelGrid1DStripes.uasset" 82
"../../../Engine/Content/EditorMaterials/TextureGridCascaded1D.uasset" 83
"../../../Engine/Content/EditorMaterials/TextureGridCascaded2D.uasset" 84
"../../../Engine/Content/EditorMaterials/LevelGridMaterial2.uasset" 85
"../../../Engine/Content/EditorMaterials/MAT_Groups_Toggle.uasset" 86
"../../../Engine/Content/EditorMaterials/MAT_Groups_Visibility.uasset" 87
"../../../Engine/Content/EditorMaterials/AntialiasedGridFloor.uasset" 88
"../../../Engine/Content/EditorResources/TilePatine_D.uasset" 89
"../../../Engine/Content/EditorResources/TilePatine_N.uasset" 90
"../../../Engine/Content/EngineMaterials/Grid.uasset" 91
"../../../Engine/Content/EditorMaterials/PersonaFloorMat.uasset" 92
"../../../Engine/Content/EditorMaterials/PhAT_BoneSelectedMaterial.uasset" 93
"../../../Engine/Content/EditorMaterials/PhAT_ElemSelectedMaterial.uasset" 94
"../../../Engine/Content/EditorMaterials/PhAT_NoCollisionMaterial.uasset" 95
"../../../Engine/Content/EditorMaterials/PhAT_UnselectedMaterial.uasset" 96
"../../../Engine/Content/EditorMaterials/PreviewShadowIndicator.uasset" 97
"../../../Engine/Content/EditorMaterials/PreviewShadowIndicatorMaterial.uasset" 98
"../../../Engine/Content/EditorMaterials/TargetIcon.uasset" 99
"../../../Engine/Content/EditorMaterials/Tick.uasset" 100
"../../../Engine/Content/EditorMaterials/Tick_Mat.uasset" 101
"../../../Engine/Content/EditorMaterials/WidgetGridVertexColorMaterial.uasset" 102
"../../../Engine/Content/EditorMaterials/WidgetGridVertexColorMaterial_Ma.uasset" 103
"../../../Engine/Content/EditorMaterials/WidgetMaterial.uasset" 104
"../../../Engine/Content/EditorMaterials/WidgetMaterial_Current.uasset" 105
"../../../Engine/Content/EditorMaterials/WidgetMaterial_X.uasset" 106
"../../../Engine/Content/EditorMaterials/WidgetMaterial_Y.uasset" 107
"../../../Engine/Content/EditorMaterials/WidgetMaterial_Z.uasset" 108
"../../../Engine/Content/EditorMaterials/WidgetVertexColorMaterial.uasset" 109
"../../../Engine/Content/EditorMaterials/AssetViewer/EpicQuadPanorama_CC+EV1.uasset" 110
"../../../Engine/Content/MapTemplates/Sky/SunsetAmbientCubemap.uasset" 111
"../../../Engine/Content/EditorMaterials/AssetViewer/M_SkyBox.uasset" 112
"../../../Engine/Content/EditorMaterials/MatineeGroups/MAT_ColorTrack.uasset" 113
"../../../Engine/Content/EditorMaterials/MatineeGroups/MAT_Groups_Anim.uasset" 114
"../../../Engine/Content/EditorMaterials/MatineeGroups/MAT_Groups_AudioMaster.uasset" 115
"../../../Engine/Content/EditorMaterials/MatineeGroups/MAT_Groups_Director.uasset" 116
"../../../Engine/Content/EditorMaterials/MatineeGroups/MAT_Groups_Event.uasset" 117
"../../../Engine/Content/EditorMaterials/MatineeGroups/MAT_Groups_Fade.uasset" 118
"../../../Engine/Content/EditorMaterials/MatineeGroups/MAT_Groups_Float.uasset" 119
"../../../Engine/Content/EditorMaterials/MatineeGroups/MAT_Groups_Move.uasset" 120
"../../../Engine/Content/EditorMaterials/MatineeGroups/MAT_Groups_Slomo.uasset" 121
"../../../Engine/Content/EditorMaterials/MatineeGroups/MAT_Groups_Sound.uasset" 122
"../../../Engine/Content/EditorMaterials/MatineeGroups/MAT_Groups_Vector.uasset" 123
"../../../Engine/Content/EditorMaterials/ParticleSystems/PSysThumbnail_NoImage.uasset" 124
"../../../Engine/Content/EditorMaterials/ParticleSystems/PSysThumbnail_OOD.uasset" 125
"../../../Engine/Content/EditorMaterials/Thumbnails/FloorPlaneMaterial.uasset" 126
"../../../Engine/Content/EditorMeshes/EditorCube.uasset" 127
"../../../Engine/Content/EditorMeshes/EditorCylinder.uasset" 128
"../../../Engine/Content/EditorMeshes/EditorPlane.uasset" 129
"../../../Engine/Content/EditorMaterials/Thumbnails/SkySphereMaterial.uasset" 130
"../../../Engine/Content/EditorMeshes/EditorSkySphere.uasset" 131
"../../../Engine/Content/EditorMeshes/EditorSphere.uasset" 132
"../../../Engine/Content/EditorResources/MatineeCam_D.uasset" 133
"../../../Engine/Content/EditorMaterials/MatineeCam_mat.uasset" 134
"../../../Engine/Content/EditorMeshes/MatineeCam_SM.uasset" 135
"../../../Engine/Content/Functions/Engine_MaterialFunctions01/Shading/ConvertFromDiffSpec.uasset" 136
"../../../Engine/Content/EditorMaterials/GridMaterial.uasset" 137
"../../../Engine/Content/EditorMeshes/PhAT_FloorBox.uasset" 138
"../../../Engine/Content/EditorMeshes/PlanarReflectionPlane.uasset" 139
"../../../Engine/Content/EditorMeshes/AssetViewer/Floor_Mesh.uasset" 140
"../../../Engine/Content/EditorMeshes/AssetViewer/Sphere_inversenormals.uasset" 141
"../../../Engine/Content/EditorMaterials/Camera/CineMat.uasset" 142
"../../../Engine/Content/EditorMaterials/Camera/MI_CineMat_CameraBody.uasset" 143
"../../../Engine/Content/EngineDebugMaterials/M_SimpleOpaque.uasset" 144
"../../../Engine/Content/EditorMaterials/Camera/MI_CineMat_CamViewFinder.uasset" 145
"../../../Engine/Content/EditorMeshes/Camera/SM_CineCam.uasset" 146
"../../../Engine/Content/EditorMaterials/Camera/MI_CineMat_Rig.uasset" 147
"../../../Engine/Content/EditorMeshes/Camera/SM_CraneRig_Arm.uasset" 148
"../../../Engine/Content/EditorMeshes/Camera/SM_CraneRig_Base.uasset" 149
"../../../Engine/Content/EditorMeshes/Camera/SM_CraneRig_Body.uasset" 150
"../../../Engine/Content/EditorMeshes/Camera/SM_CraneRig_Mount.uasset" 151
"../../../Engine/Content/EditorMeshes/Camera/SM_RailRig_Mount.uasset" 152
"../../../Engine/Content/EditorMeshes/Camera/SM_RailRig_Track.uasset" 153
"../../../Engine/Content/EditorMeshes/ColorCalibrator/M_ChromeBall.uasset" 154
"../../../Engine/Content/EditorResources/Bad.uasset" 155
"../../../Engine/Content/EditorResources/BSPVertex.uasset" 156
"../../../Engine/Content/EditorResources/EmptyActor.uasset" 157
"../../../Engine/Content/EditorResources/MatInstActSprite.uasset" 158
"../../../Engine/Content/EditorResources/SceneManager.uasset" 159
"../../../Engine/Content/EditorResources/SmallFont.uasset" 160
"../../../Engine/Content/EditorResources/S_Actor.uasset" 161
"../../../Engine/Content/EditorResources/S_DecalActorIcon.uasset" 162
"../../../Engine/Content/EditorResources/S_Emitter.uasset" 163
"../../../Engine/Content/EditorResources/S_ExpoHeightFog.uasset" 164
"../../../Engine/Content/EditorResources/S_FTest.uasset" 165
"../../../Engine/Content/EditorResources/S_KBSJoint.uasset" 166
"../../../Engine/Content/EditorResources/S_KHinge.uasset" 167
"../../../Engine/Content/EditorResources/S_KPrismatic.uasset" 168
"../../../Engine/Content/EditorResources/S_LevelSequence.uasset" 169
"../../../Engine/Content/EditorResources/S_NavP.uasset" 170
"../../../Engine/Content/EditorResources/S_Note.uasset" 171
"../../../Engine/Content/EditorResources/S_Player.uasset" 172
"../../../Engine/Content/EditorResources/S_PortalActorIcon2.uasset" 173
"../../../Engine/Content/EditorResources/S_RadForce.uasset" 174
"../../../Engine/Content/EditorResources/S_ReflActorIcon.uasset" 175
"../../../Engine/Content/EditorResources/S_SkyAtmosphere.uasset" 176
"../../../Engine/Content/EditorResources/S_Solver.uasset" 177
"../../../Engine/Content/EditorResources/S_Terrain.uasset" 178
"../../../Engine/Content/EditorResources/S_TextRenderActorIcon.uasset" 179
"../../../Engine/Content/EditorResources/S_Thruster.uasset" 180
"../../../Engine/Content/EditorResources/S_Trigger.uasset" 181
"../../../Engine/Content/EditorResources/S_VectorFieldVol.uasset" 182
"../../../Engine/Content/EditorResources/S_WindDirectional.uasset" 183
"../../../Engine/Content/EditorResources/AI/S_NavLink.uasset" 184
"../../../Engine/Content/EditorResources/LightIcons/SkyLight.uasset" 185
"../../../Engine/Content/EditorResources/LightIcons/S_LightDirectional.uasset" 186
"../../../Engine/Content/EditorResources/LightIcons/S_LightDirectionalMove.uasset" 187
"../../../Engine/Content/EditorResources/LightIcons/S_LightError.uasset" 188
"../../../Engine/Content/EditorResources/LightIcons/S_LightPoint.uasset" 189
"../../../Engine/Content/EditorResources/LightIcons/S_LightPointMove.uasset" 190
"../../../Engine/Content/EditorResources/LightIcons/S_LightSpot.uasset" 191
"../../../Engine/Content/EditorResources/LightIcons/S_LightSpotMove.uasset" 192
"../../../Engine/Content/EditorResources/SequenceRecorder/Countdown.uasset" 193
"../../../Engine/Content/EditorResources/SequenceRecorder/RecordingIndicator.uasset" 194
"../../../Engine/Content/EditorResources/Spline/T_Loft_Spline.uasset" 195
"../../../Engine/Content/EditorSounds/Notifications/CompileFailed.uasset" 196
"../../../Engine/Content/EditorSounds/Notifications/CompileFailed_Cue.uasset" 197
"../../../Engine/Content/EditorSounds/Notifications/CompileSuccess.uasset" 198
"../../../Engine/Content/EditorSounds/Notifications/CompileStart_Cue.uasset" 199
"../../../Engine/Content/EditorSounds/Notifications/CompileSuccess_Cue.uasset" 200
"../../../Engine/Content/EngineDamageTypes/DmgTypeBP_Environmental.uasset" 201
"../../../Engine/Content/EngineDebugMaterials/HeatmapGradient.uasset" 202
"../../../Engine/Content/EngineDebugMaterials/BoneWeightMaterial.uasset" 203
"../../../Engine/Content/EngineDebugMaterials/ClothMaterial.uasset" 204
"../../../Engine/Content/EngineDebugMaterials/ClothMaterial_WF.uasset" 205
"../../../Engine/Content/EngineDebugMaterials/DebugEditorMaterial.uasset" 206
"../../../Engine/Content/EngineDebugMaterials/DebugMeshMaterial.uasset" 207
"../../../Engine/Content/EngineDebugMaterials/GeomMaterial.uasset" 208
"../../../Engine/Content/EngineDebugMaterials/LevelColorationLitMaterial.uasset" 209
"../../../Engine/Content/EngineDebugMaterials/LevelColorationUnlitMaterial.uasset" 210
"../../../Engine/Content/EngineMaterials/DefaultWhiteGrid.uasset" 211
"../../../Engine/Content/EngineDebugMaterials/MAT_LevelColorationLitLightmapUV.uasset" 212
"../../../Engine/Content/EngineDebugMaterials/M_SimpleTranslucent.uasset" 213
"../../../Engine/Content/Functions/Engine_MaterialFunctions02/Utility/CameraDirectionVector.uasset" 214
"../../../Engine/Content/EngineDebugMaterials/VolumeToRender.uasset" 215
"../../../Engine/Content/EngineDebugMaterials/M_VolumeRenderSphereTracePP.uasset" 216
"../../../Engine/Content/EngineDebugMaterials/ShadedLevelColorationLitMaterial.uasset" 217
"../../../Engine/Content/EngineDebugMaterials/ShadedLevelColorationUnlitMateri.uasset" 218
"../../../Engine/Content/EngineDebugMaterials/VertexColorMaterial.uasset" 219
"../../../Engine/Content/EngineDebugMaterials/VertexColorViewMode_AlphaAsColor.uasset" 220
"../../../Engine/Content/EngineDebugMaterials/VertexColorViewMode_BlueOnly.uasset" 221
"../../../Engine/Content/EngineDebugMaterials/VertexColorViewMode_ColorOnly.uasset" 222
"../../../Engine/Content/EngineDebugMaterials/VertexColorViewMode_GreenOnly.uasset" 223
"../../../Engine/Content/EngineDebugMaterials/VertexColorViewMode_RedOnly.uasset" 224
"../../../Engine/Content/EngineDebugMaterials/WireframeMaterial.uasset" 225
"../../../Engine/Content/EngineFonts/Faces/DroidSansFallback.uasset" 226
"../../../Engine/Content/EngineFonts/Faces/RobotoBold.uasset" 227
"../../../Engine/Content/EngineFonts/Faces/RobotoBoldItalic.uasset" 228
"../../../Engine/Content/EngineFonts/Faces/RobotoItalic.uasset" 229
"../../../Engine/Content/EngineFonts/Faces/RobotoLight.uasset" 230
"../../../Engine/Content/EngineFonts/Faces/RobotoRegular.uasset" 231
"../../../Engine/Content/EngineFonts/Roboto.uasset" 232
"../../../Engine/Content/EngineFonts/Faces/RobotoTiny.uasset" 233
"../../../Engine/Content/EngineFonts/RobotoTiny.uasset" 234
"../../../Engine/Content/EngineFonts/SmallFont.uasset" 235
"../../../Engine/Content/EngineFonts/TinyFont.uasset" 236
"../../../Engine/Content/EngineMaterials/BaseFlattenDiffuseMap.uasset" 237
"../../../Engine/Content/EngineMaterials/BaseFlattenEmissiveMap.uasset" 238
"../../../Engine/Content/EngineMaterials/BaseFlattenGrayscaleMap.uasset" 239
"../../../Engine/Content/EngineMaterials/BaseFlattenNormalMap.uasset" 240
"../../../Engine/Content/EngineMaterials/BaseFlattenMaterial.uasset" 241
"../../../Engine/Content/EngineResources/WhiteSquareTexture.uasset" 242
"../../../Engine/Content/EngineMaterials/BlinkingCaret.uasset" 243
"../../../Engine/Content/EngineMaterials/BlueNoise.uasset" 244
"../../../Engine/Content/EngineMaterials/DefaultBloomKernel.uasset" 245
"../../../Engine/Content/EngineMaterials/DefaultBokeh.uasset" 246
"../../../Engine/Content/EngineMaterials/DefaultDeferredDecalMaterial.uasset" 247
"../../../Engine/Content/EngineMaterials/DefaultLightFunctionMaterial.uasset" 248
"../../../Engine/Content/EngineMaterials/DefaultNormal.uasset" 249
"../../../Engine/Content/EngineMaterials/DefaultPostProcessMaterial.uasset" 250
"../../../Engine/Content/EngineFonts/RobotoDistanceField.uasset" 251
"../../../Engine/Content/EngineMaterials/DefaultTextMaterialOpaque.uasset" 252
"../../../Engine/Content/EngineMaterials/DefaultVirtualTextureMaterial.uasset" 253
"../../../Engine/Content/EngineMaterials/EditorBrushMaterial.uasset" 254
"../../../Engine/Content/EngineMaterials/DefaultWhiteGrid_Low.uasset" 255
"../../../Engine/Content/EngineMaterials/EmissiveMeshMaterial.uasset" 256
"../../../Engine/Content/EngineMaterials/GizmoMaterial.uasset" 257
"../../../Engine/Content/EngineMaterials/Good64x64TilingNoiseHighFreq.uasset" 258
"../../../Engine/Content/EngineMaterials/Grid_N.uasset" 259
"../../../Engine/Content/EngineMaterials/HairColorMap.uasset" 260
"../../../Engine/Content/EngineMaterials/HairDebugColor.uasset" 261
"../../../Engine/Content/EngineMaterials/HairDebugMaterial.uasset" 262
"../../../Engine/Content/EngineMaterials/HairDefaultMaterial.uasset" 263
"../../../Engine/Content/EngineMaterials/HighResolutionScreenshotMaskFunction.uasset" 264
"../../../Engine/Content/EngineMaterials/HighResScreenshot.uasset" 265
"../../../Engine/Content/EngineMaterials/HighResScreenshotCaptureRegion.uasset" 266
"../../../Engine/Content/EngineMaterials/HighResScreenshotMask.uasset" 267
"../../../Engine/Content/EngineMaterials/LandscapeHolePhysicalMaterial.uasset" 268
"../../../Engine/Content/EngineMaterials/InvalidLightmapSettings.uasset" 269
"../../../Engine/Content/EngineMaterials/M_InvalidLightmapSettings.uasset" 270
"../../../Engine/Content/EngineMaterials/PaperDiffuse.uasset" 271
"../../../Engine/Content/EngineMaterials/PaperNormal.uasset" 272
"../../../Engine/Content/Functions/Engine_MaterialFunctions02/WorldPositionOffset/CameraOffset.uasset" 273
"../../../Engine/Content/EngineMaterials/PhAT_JointLimitMaterial.uasset" 274
"../../../Engine/Content/EngineMaterials/PhysMat_Rubber.uasset" 275
"../../../Engine/Content/EngineMaterials/PreintegratedSkinBRDF.uasset" 276
"../../../Engine/Content/EngineMaterials/RemoveSurfaceMaterial.uasset" 277
"../../../Engine/Content/EngineMaterials/WeightMapPlaceholderTexture.uasset" 278
"../../../Engine/Content/Functions/Engine_MaterialFunctions01/ImageAdjustment/sRGBToLinear.uasset" 279
"../../../Engine/Content/Functions/Engine_MaterialFunctions02/Utility/BreakOutFloat3Components.uasset" 280
"../../../Engine/Content/EngineMaterials/Widget3DCameraPassThrough_Opaque_OneSided.uasset" 281
"../../../Engine/Content/EngineMaterials/Widget3DPassThrough.uasset" 282
"../../../Engine/Content/EngineMaterials/Widget3DPassThrough_Masked.uasset" 283
"../../../Engine/Content/EngineMaterials/Widget3DPassThrough_Opaque.uasset" 284
"../../../Engine/Content/EngineMaterials/Widget3DPassThrough_Masked_OneSided.uasset" 285
"../../../Engine/Content/EngineMaterials/Widget3DPassThrough_Opaque_OneSided.uasset" 286
"../../../Engine/Content/EngineMaterials/Widget3DPassThrough_Translucent.uasset" 287
"../../../Engine/Content/EngineMaterials/Widget3DPassThrough_Translucent_OneSided.uasset" 288
"../../../Engine/Content/EngineMeshes/Cylinder.uasset" 289
"../../../Engine/Content/EngineMeshes/Sphere.uasset" 290
"../../../Engine/Content/EngineResources/Black.uasset" 291
"../../../Engine/Content/EngineResources/DefaultTexture.uasset" 292
"../../../Engine/Content/EngineResources/DefaultTextureCube.uasset" 293
"../../../Engine/Content/EngineResources/DefaultVolumeTexture2D.uasset" 294
"../../../Engine/Content/EngineResources/DefaultVolumeTexture.uasset" 295
"../../../Engine/Content/EngineResources/GradientTexture0.uasset" 296
"../../../Engine/Content/EngineResources/StreamingPauseIcon.uasset" 297
"../../../Engine/Content/EngineResources/M_StreamingPause.uasset" 298
"../../../Engine/Content/EngineSounds/Master.uasset" 299
"../../../Engine/Content/Functions/Engine_MaterialFunctions01/Shading/PowerToRoughness.uasset" 300
"../../../Engine/Content/Maps/Entry_BuiltData.uasset" 301
"../../../Engine/Content/Maps/Templates/Thumbnails/Default.uasset" 302
"../../../Engine/Content/Maps/Templates/Thumbnails/TimeOfDay.uasset" 303
"../../../Engine/Content/Maps/Templates/Thumbnails/VR-Basic.uasset" 304
"../../../Engine/Content/MapTemplates/Sky/DaylightAmbientCubemap.uasset" 305
"../../../Engine/Content/MobileResources/T_MobileControls_texture.uasset" 306
"../../../Engine/Content/MobileResources/T_MobileMenu2.uasset" 307
"../../../Engine/Content/MobileResources/HUD/AnalogHat.uasset" 308
"../../../Engine/Content/MobileResources/HUD/VirtualJoystick_Background.uasset" 309
"../../../Engine/Content/MobileResources/HUD/VirtualJoystick_Thumb.uasset" 310
"../../../Engine/Content/MobileResources/HUD/DefaultVirtualJoysticks.uasset" 311
"../../../Engine/Content/MobileResources/HUD/LeftVirtualJoystickOnly.uasset" 312
"../../../Engine/Content/MobileResources/HUD/MobileHUDButton1_off.uasset" 313
"../../../Engine/Content/MobileResources/HUD/MobileHUDButton1_on.uasset" 314
"../../../Engine/Content/MobileResources/HUD/MobileHUDButton2_off.uasset" 315
"../../../Engine/Content/MobileResources/HUD/MobileHUDButton2_on.uasset" 316
"../../../Engine/Content/MobileResources/HUD/MobileHUDButton3.uasset" 317
"../../../Engine/Content/MobileResources/HUD/MobileHUDButtonFire.uasset" 318
"../../../Engine/Content/MobileResources/HUD/MobileHUDDirectionPad.uasset" 319
"../../../Engine/Content/MobileResources/HUD/MobileHUDDirectionPad2.uasset" 320
"../../../Engine/Content/MobileResources/HUD/MobileHUDDirectionPad3.uasset" 321
"../../../Engine/Content/MobileResources/HUD/MobileHUDDirectionStick.uasset" 322
"../../../Engine/Content/MobileResources/HUD/T_Castle_ThumbstickInner.uasset" 323
"../../../Engine/Content/MobileResources/HUD/T_Castle_ThumbstickOutter.uasset" 324
"../../../Engine/Content/Tutorial/ContentIntroCurve.uasset" 325
"../../../Engine/Content/Tutorial/Basics/LevelEditorAttract.uasset" 326
"../../../Engine/Content/Tutorial/Basics/TutorialAssets/icon_tab_Levels_40x.uasset" 327
"../../../Engine/Content/Tutorial/Basics/LevelEditorOverview.uasset" 328
"../../../Engine/Content/Tutorial/BlueprintTutorials/TutorialAssets/Blueprint_64x.uasset" 329
"../../../Engine/Content/Tutorial/BlueprintTutorials/BlueprintEditorTutorial.uasset" 330
"../../../Engine/Content/Tutorial/BlueprintTutorials/TutorialAssets/Tutorial_BP_MacroLib.uasset" 331
"../../../Engine/Content/VREditor/LaserPointer/VR_LaserPower_01.uasset" 332
"../../../Engine/Content/VREditor/TransformGizmo/TransformGizmoMaterial.uasset" 333
"../../../Engine/Content/VREditor/TransformGizmo/TranslucentTransformGizmoMaterial.uasset" 334
"../../../Engine/Content/VREditor/TransformGizmo/BoundingBoxCorner.uasset" 335
"../../../Engine/Content/VREditor/TransformGizmo/BoundingBoxEdge.uasset" 336
"../../../Engine/Content/VREditor/TransformGizmo/PlaneTranslationHandle.uasset" 337
"../../../Engine/Content/VREditor/TransformGizmo/Main.uasset" 338
"../../../Engine/Content/VREditor/TransformGizmo/Xray.uasset" 339
"../../../Engine/Content/VREditor/TransformGizmo/SM_Sequencer_Key.uasset" 340
"../../../Engine/Content/VREditor/TransformGizmo/SM_Sequencer_Node.uasset" 341
"E:/VikingLevel/Content/Particles/WindControlSystem/Blueprints/Enumerations/P_Leaves_Enum.uasset" 342
"../../../Engine/Content/Animation/DefaultAnimCurveCompressionSettings.uasset" 343
"../../Plugins/2D/Paper2D/Content/PlaceholderTextures/DummySpriteTexture.uasset" 344
"../../Plugins/2D/Paper2D/Content/DummySprite.uasset" 345
"../../Plugins/2D/Paper2D/Content/DefaultPaperTerrainMaterial.uasset" 346
"../../Plugins/2D/Paper2D/Content/DefaultSpriteMaterial.uasset" 347
"../../Plugins/2D/Paper2D/Content/MaskedUnlitSpriteMaterial.uasset" 348
"../../Plugins/2D/Paper2D/Content/OpaqueUnlitSpriteMaterial.uasset" 349
"../../Plugins/Enterprise/DatasmithContent/Content/Blueprints/FBXImporter/FBXImporterUtils.uasset" 350
"../../../Engine/Content/Functions/Engine_MaterialFunctions02/Utility/BreakOutFloat4Components.uasset" 351
"../../Plugins/Runtime/Oculus/OculusVR/Content/Materials/OculusMR_ChromaKey.uasset" 352
"../../Plugins/Runtime/Oculus/OculusVR/Content/Materials/OculusMR_ChromaKey_Lit.uasset" 353
"../../Plugins/Runtime/Oculus/OculusVR/Content/Materials/OculusMR_OpaqueColoredMaterial.uasset" 354
"../../Plugins/Runtime/Oculus/OculusVR/Content/Materials/OculusMR_WhiteMaterial.uasset" 355
"E:/VikingLevel/Content/MigratedSvetoslav/ThirdPersonBPSvetoslav/Character/Character_IMPORTFIRST_Skeleton.uasset" 356
"E:/VikingLevel/Content/MigratedSvetoslav/ThirdPersonBPSvetoslav/Character/Animations/DeathFinal.uasset" 357
"E:/VikingLevel/Content/MigratedSvetoslav/ThirdPersonBPSvetoslav/Character/Animations/Idle.uasset" 358
"E:/VikingLevel/Content/MigratedSvetoslav/ThirdPersonBPSvetoslav/Character/Animations/Jump.uasset" 359
"E:/VikingLevel/Content/MigratedSvetoslav/ThirdPersonBPSvetoslav/Character/Animations/WeaponSlash.uasset" 360
"E:/VikingLevel/Content/MigratedSvetoslav/ThirdPersonBPSvetoslav/Character/Animations/Running.uasset" 361
"E:/VikingLevel/Content/MigratedSvetoslav/ThirdPersonBPSvetoslav/Character/CharacterAnimBS.uasset" 362
"E:/VikingLevel/Content/MigratedSvetoslav/ThirdPersonBPSvetoslav/Character/CharacterAnimBP.uasset" 363
"E:/VikingLevel/Content/Blueprints/MasterBlueprints/BP_MasterWeapon.uasset" 364
"E:/VikingLevel/Content/MigratedSvetoslav/ThirdPersonBPSvetoslav/Character/Axe/T_Blade_TAxe1_D.uasset" 365
"E:/VikingLevel/Content/MigratedSvetoslav/ThirdPersonBPSvetoslav/Character/Axe/T_Blade_TAxe1_N.uasset" 366
"E:/VikingLevel/Content/MigratedSvetoslav/ThirdPersonBPSvetoslav/Character/Axe/T_Blade_TAxe2_D.uasset" 367
"E:/VikingLevel/Content/MigratedSvetoslav/ThirdPersonBPSvetoslav/Character/Axe/T_Blade_TAxe2_M.uasset" 368
"E:/VikingLevel/Content/MigratedSvetoslav/ThirdPersonBPSvetoslav/Character/Axe/T_Blade_TAxe2_N.uasset" 369
"E:/VikingLevel/Content/MigratedSvetoslav/ThirdPersonBPSvetoslav/Character/Axe/M_Blade_TAxe.uasset" 370
"E:/VikingLevel/Content/MigratedSvetoslav/ThirdPersonBPSvetoslav/Character/Axe/SK_Blade_TAxe_Skeleton.uasset" 371
"E:/VikingLevel/Content/MigratedSvetoslav/ThirdPersonBPSvetoslav/Character/Axe/SK_Blade_TAxe.uasset" 372
"E:/VikingLevel/Content/Blueprints/BP_WeaponAxe.uasset" 373
"E:/VikingLevel/Content/Blueprints/Enums/EnemyStateEnum.uasset" 374
"E:/VikingLevel/Content/Blueprints/MasterBlueprints/BP_MasterEnemy.uasset" 375
"E:/VikingLevel/Content/Blueprints/BP_GameInstance.uasset" 376
"E:/VikingLevel/Content/Blueprints/Interfaces/InteractionInterface.uasset" 377
"E:/VikingLevel/Content/Blueprints/Enums/PickupStateEnum.uasset" 378
"E:/VikingLevel/Content/Blueprints/MasterBlueprints/BP_MasterPickup.uasset" 379
"E:/VikingLevel/Content/FadeComponent/Fade/FadeObjStruct.uasset" 380
"E:/VikingLevel/Content/FadeComponent/Textures/T_Hologram_Line_02_M.uasset" 381
"E:/VikingLevel/Content/FadeComponent/Textures/T_Hologram_SoftLine_01_M.uasset" 382
"E:/VikingLevel/Content/FadeComponent/Fade/M_FadeMaterial.uasset" 383
"E:/VikingLevel/Content/FadeComponent/Fade/FadeObjComponent.uasset" 384
"E:/VikingLevel/Content/MigratedSvetoslav/ThirdPersonBPSvetoslav/Character/Ch39_1001_Diffuse.uasset" 385
"E:/VikingLevel/Content/MigratedSvetoslav/ThirdPersonBPSvetoslav/Character/Ch39_1001_Glossiness.uasset" 386
"E:/VikingLevel/Content/MigratedSvetoslav/ThirdPersonBPSvetoslav/Character/Ch39_1001_Normal.uasset" 387
"E:/VikingLevel/Content/MigratedSvetoslav/ThirdPersonBPSvetoslav/Character/Ch39_1001_Specular.uasset" 388
"E:/VikingLevel/Content/MigratedSvetoslav/ThirdPersonBPSvetoslav/Character/Ch39_Body.uasset" 389
"E:/VikingLevel/Content/MigratedSvetoslav/ThirdPersonBPSvetoslav/Character/Character_IMPORTFIRST_PhysicsAsset.uasset" 390
"E:/VikingLevel/Content/MigratedSvetoslav/ThirdPersonBPSvetoslav/Character/Character_IMPORTFIRST.uasset" 391
"E:/VikingLevel/Content/Blueprints/SideScrollerCharacter.uasset" 392
"E:/VikingLevel/Content/MigratedSvetoslav/ThirdPersonBPSvetoslav/Enemy/EnemyIMPORTFIRST_Skeleton.uasset" 393
"E:/VikingLevel/Content/MigratedSvetoslav/ThirdPersonBPSvetoslav/Enemy/Animations/enemyAttack.uasset" 394
"E:/VikingLevel/Content/MigratedSvetoslav/ThirdPersonBPSvetoslav/Enemy/Animations/enemyDeath.uasset" 395
"E:/VikingLevel/Content/MigratedSvetoslav/ThirdPersonBPSvetoslav/Enemy/Animations/enemyIdle.uasset" 396
"E:/VikingLevel/Content/MigratedSvetoslav/ThirdPersonBPSvetoslav/Enemy/Animations/enemyRun.uasset" 397
"E:/VikingLevel/Content/MigratedSvetoslav/ThirdPersonBPSvetoslav/Enemy/EnemyBS.uasset" 398
"E:/VikingLevel/Content/MigratedSvetoslav/ThirdPersonBPSvetoslav/Enemy/EnemyBP.uasset" 399
"E:/VikingLevel/Content/MigratedSvetoslav/ThirdPersonBPSvetoslav/SpecialEnemy/specialEnemy_Skeleton.uasset" 400
"E:/VikingLevel/Content/MigratedSvetoslav/ThirdPersonBPSvetoslav/SpecialEnemy/rareEnemyAttack.uasset" 401
"E:/VikingLevel/Content/MigratedSvetoslav/ThirdPersonBPSvetoslav/SpecialEnemy/rareEnemyDeath.uasset" 402
"E:/VikingLevel/Content/MigratedSvetoslav/ThirdPersonBPSvetoslav/SpecialEnemy/rareEnemyIdle.uasset" 403
"E:/VikingLevel/Content/MigratedSvetoslav/ThirdPersonBPSvetoslav/SpecialEnemy/rareEnemyRun.uasset" 404
"E:/VikingLevel/Content/MigratedSvetoslav/ThirdPersonBPSvetoslav/SpecialEnemy/SpecialEnemyBS.uasset" 405
"E:/VikingLevel/Content/MigratedSvetoslav/ThirdPersonBPSvetoslav/SpecialEnemy/SpecialEnemyBP.uasset" 406
"E:/VikingLevel/Content/MigratedSvetoslav/ThirdPersonBPSvetoslav/Enemy/Sword/T_Blade_SwordB1_D.uasset" 407
"E:/VikingLevel/Content/MigratedSvetoslav/ThirdPersonBPSvetoslav/Enemy/Sword/T_Blade_SwordB1_N.uasset" 408
"E:/VikingLevel/Content/MigratedSvetoslav/ThirdPersonBPSvetoslav/Enemy/Sword/T_Blade_SwordB2_D.uasset" 409
"E:/VikingLevel/Content/MigratedSvetoslav/ThirdPersonBPSvetoslav/Enemy/Sword/T_Blade_SwordB2_M.uasset" 410
"E:/VikingLevel/Content/MigratedSvetoslav/ThirdPersonBPSvetoslav/Enemy/Sword/T_Blade_SwordB2_N.uasset" 411
"E:/VikingLevel/Content/MigratedSvetoslav/ThirdPersonBPSvetoslav/Enemy/Sword/M_Blade_SwordB.uasset" 412
"E:/VikingLevel/Content/MigratedSvetoslav/ThirdPersonBPSvetoslav/Enemy/Sword/SK_Blade_SwordB_Skeleton.uasset" 413
"E:/VikingLevel/Content/MigratedSvetoslav/ThirdPersonBPSvetoslav/Enemy/Sword/SK_Blade_SwordB.uasset" 414
"E:/VikingLevel/Content/Blueprints/BP_WeaponSword.uasset" 415
"E:/VikingLevel/Content/David/AI/NPC/PatrolAndChaseNPC/NPC_BB_PatrolAndChase.uasset" 416
"E:/VikingLevel/Content/David/AI/NPC/PatrolPath.uasset" 417
"E:/VikingLevel/Content/MigratedSvetoslav/ThirdPersonBPSvetoslav/Enemy/Peasant_Man_diffuse.uasset" 418
"E:/VikingLevel/Content/MigratedSvetoslav/ThirdPersonBPSvetoslav/Enemy/Peasant_Man_normal.uasset" 419
"E:/VikingLevel/Content/MigratedSvetoslav/ThirdPersonBPSvetoslav/Enemy/Peasant_Man_specular.uasset" 420
"E:/VikingLevel/Content/MigratedSvetoslav/ThirdPersonBPSvetoslav/Enemy/Peasant_Man_02.uasset" 421
"E:/VikingLevel/Content/MigratedSvetoslav/ThirdPersonBPSvetoslav/Enemy/EnemyIMPORTFIRST_PhysicsAsset.uasset" 422
"E:/VikingLevel/Content/MigratedSvetoslav/ThirdPersonBPSvetoslav/Enemy/EnemyIMPORTFIRST.uasset" 423
"E:/VikingLevel/Content/David/AI/NPC/PatrolAndChaseNPC/PatrolAndChaseNPC.uasset" 424
"E:/VikingLevel/Content/David/AI/NPC/NPC_Tasks/NPC_ChangeSpeed.uasset" 425
"E:/VikingLevel/Content/David/AI/NPC/NPC_Tasks/NPC_ChasePlayer.uasset" 426
"E:/VikingLevel/Content/David/AI/NPC/NPC_Tasks/NPC_DecrementPathIndex.uasset" 427
"E:/VikingLevel/Content/David/AI/NPC/NPC_Tasks/NPC_FindPathPoint.uasset" 428
"E:/VikingLevel/Content/David/AI/NPC/NPC_Tasks/NPC_FindPlayerLocation.uasset" 429
"E:/VikingLevel/Content/David/AI/NPC/NPC_Tasks/NPC_FindRandomLocation.uasset" 430
"E:/VikingLevel/Content/David/AI/NPC/NPC_Tasks/NPC_IncrementPathIndex.uasset" 431
"E:/VikingLevel/Content/David/AI/NPC/NPC_Tasks/NPC_LoopPath.uasset" 432
"E:/VikingLevel/Content/David/AI/NPC/PatrolAndChaseNPC/NPC_BT_PatrolAndChase.uasset" 433
"E:/VikingLevel/Content/David/AI/NPC/PatrolAndChaseNPC/NPC_AI_PatrolAndChase.uasset" 434
"E:/VikingLevel/Content/Blueprints/BP_EnemyPeasant.uasset" 435
"E:/VikingLevel/Content/MigratedSvetoslav/ThirdPersonBPSvetoslav/SpecialEnemy/mats/axe_DIF2.uasset" 436
"E:/VikingLevel/Content/MigratedSvetoslav/ThirdPersonBPSvetoslav/SpecialEnemy/mats/axe_NM2.uasset" 437
"E:/VikingLevel/Content/MigratedSvetoslav/ThirdPersonBPSvetoslav/SpecialEnemy/mats/axe_SPEC.uasset" 438
"E:/VikingLevel/Content/MigratedSvetoslav/ThirdPersonBPSvetoslav/SpecialEnemy/mats/blinn5.uasset" 439
"E:/VikingLevel/Content/MigratedSvetoslav/ThirdPersonBPSvetoslav/SpecialEnemy/mats/MaleBruteA_Body_diffuse.uasset" 440
"E:/VikingLevel/Content/MigratedSvetoslav/ThirdPersonBPSvetoslav/SpecialEnemy/mats/MaleBruteA_StdNM.uasset" 441
"E:/VikingLevel/Content/MigratedSvetoslav/ThirdPersonBPSvetoslav/SpecialEnemy/mats/Body_MAT2.uasset" 442
"E:/VikingLevel/Content/MigratedSvetoslav/ThirdPersonBPSvetoslav/SpecialEnemy/mats/EyeSpec_MAT2.uasset" 443
"E:/VikingLevel/Content/MigratedSvetoslav/ThirdPersonBPSvetoslav/SpecialEnemy/mats/EyeSpec_MAT2_ncl1_1.uasset" 444
"E:/VikingLevel/Content/MigratedSvetoslav/ThirdPersonBPSvetoslav/SpecialEnemy/mats/Lashes_MAT2.uasset" 445
"E:/VikingLevel/Content/MigratedSvetoslav/ThirdPersonBPSvetoslav/SpecialEnemy/mats/MaleBruteA_Bottom_diffuse.uasset" 446
"E:/VikingLevel/Content/MigratedSvetoslav/ThirdPersonBPSvetoslav/SpecialEnemy/mats/MaleBruteA_Bottom_normal.uasset" 447
"E:/VikingLevel/Content/MigratedSvetoslav/ThirdPersonBPSvetoslav/SpecialEnemy/mats/MaleBruteA_Bottom_specular.uasset" 448
"E:/VikingLevel/Content/MigratedSvetoslav/ThirdPersonBPSvetoslav/SpecialEnemy/mats/MaleBruteA_Bottom3.uasset" 449
"E:/VikingLevel/Content/MigratedSvetoslav/ThirdPersonBPSvetoslav/SpecialEnemy/mats/MaleBruteA_Hair_diffuse.uasset" 450
"E:/VikingLevel/Content/MigratedSvetoslav/ThirdPersonBPSvetoslav/SpecialEnemy/mats/MaleBruteA_Hair_normal.uasset" 451
"E:/VikingLevel/Content/MigratedSvetoslav/ThirdPersonBPSvetoslav/SpecialEnemy/mats/MaleBruteA_Hair_specular.uasset" 452
"E:/VikingLevel/Content/MigratedSvetoslav/ThirdPersonBPSvetoslav/SpecialEnemy/mats/MaleBruteA_Hair4.uasset" 453
"E:/VikingLevel/Content/MigratedSvetoslav/ThirdPersonBPSvetoslav/SpecialEnemy/mats/MaleBruteA_Moustache_diffuse.uasset" 454
"E:/VikingLevel/Content/MigratedSvetoslav/ThirdPersonBPSvetoslav/SpecialEnemy/mats/MaleBruteA_Moustache_normal.uasset" 455
"E:/VikingLevel/Content/MigratedSvetoslav/ThirdPersonBPSvetoslav/SpecialEnemy/mats/MaleBruteA_Moustache_specular.uasset" 456
"E:/VikingLevel/Content/MigratedSvetoslav/ThirdPersonBPSvetoslav/SpecialEnemy/mats/MaleBruteA_Moustache3.uasset" 457
"E:/VikingLevel/Content/MigratedSvetoslav/ThirdPersonBPSvetoslav/SpecialEnemy/mats/MaleBruteA_Shoes_diffuse.uasset" 458
"E:/VikingLevel/Content/MigratedSvetoslav/ThirdPersonBPSvetoslav/SpecialEnemy/mats/MaleBruteA_Shoes_normal.uasset" 459
"E:/VikingLevel/Content/MigratedSvetoslav/ThirdPersonBPSvetoslav/SpecialEnemy/mats/MaleBruteA_Shoes_specular.uasset" 460
"E:/VikingLevel/Content/MigratedSvetoslav/ThirdPersonBPSvetoslav/SpecialEnemy/mats/MaleBruteA_Shoes4.uasset" 461
"E:/VikingLevel/Content/MigratedSvetoslav/ThirdPersonBPSvetoslav/SpecialEnemy/mats/phong2.uasset" 462
"E:/VikingLevel/Content/MigratedSvetoslav/ThirdPersonBPSvetoslav/SpecialEnemy/specialEnemy_PhysicsAsset.uasset" 463
"E:/VikingLevel/Content/MigratedSvetoslav/ThirdPersonBPSvetoslav/SpecialEnemy/specialEnemy.uasset" 464
"E:/VikingLevel/Content/Blueprints/BP_SpecialEnemy.uasset" 465
"E:/VikingLevel/Content/David/AI/NPC/NPC_BB.uasset" 466
"E:/VikingLevel/Content/David/AI/NPC/WanderNPC/NPC_BT_Wander.uasset" 467
"E:/VikingLevel/Content/David/AI/NPC/WanderNPC/NPC_AI_Wander.uasset" 468
"E:/VikingLevel/Content/David/AI/NPC/WanderNPC/NPC_Wander.uasset" 469
"E:/VikingLevel/Content/Particles/WindControlSystem/Blueprints/Components/Interface_Wind_Particle_True.uasset" 470
"E:/VikingLevel/Content/Textures/T_particles.uasset" 471
"E:/VikingLevel/Content/Particles/WindControlSystem/Blueprints/BP_Paticle_wind_settings.uasset" 472
"E:/VikingLevel/Content/Particles/WindControlSystem/Blueprints/Macros/Wind_Info_Update_Macro.uasset" 473
"../../../Engine/Content/Functions/Engine_MaterialFunctions01/Density/ExponentialDensity.uasset" 474
"../../../Engine/Content/Functions/Engine_MaterialFunctions01/Gradient/RadialGradientExponential.uasset" 475
"E:/VikingLevel/Content/Textures/T_Snowflake_10_B.uasset" 476
"E:/VikingLevel/Content/Materials/M_Snow.uasset" 477
"E:/VikingLevel/Content/Particles/P_Snow.uasset" 478
"E:/VikingLevel/Content/Textures/T_Emitter.uasset" 479
"E:/VikingLevel/Content/Blueprints/BP_Particle_Snow.uasset" 480
"../../../Engine/Content/EngineSky/C_Sky_Cloud_Color.uasset" 481
"../../../Engine/Content/EngineSky/C_Sky_Horizon_Color.uasset" 482
"../../../Engine/Content/EngineSky/C_Sky_Zenith_Color.uasset" 483
"../../../Engine/Content/EngineSky/T_Sky_Blue.uasset" 484
"../../../Engine/Content/EngineSky/T_Sky_Clouds_M.uasset" 485
"../../../Engine/Content/EngineSky/T_Sky_Stars.uasset" 486
"../../../Engine/Content/EngineSky/M_Sky_Panning_Clouds2.uasset" 487
"../../../Engine/Content/EngineSky/SM_SkySphere.uasset" 488
"../../../Engine/Content/EngineSky/BP_Sky_Sphere.uasset" 489
"E:/VikingLevel/Content/Blueprints/BP_DamagePlane.uasset" 490
"E:/VikingLevel/Content/Textures/T_ky_noise6.uasset" 491
"E:/VikingLevel/Content/Textures/T_ky_smoke1.uasset" 492
"E:/VikingLevel/Content/Materials/M_ky_smoke01.uasset" 493
"E:/VikingLevel/Content/Textures/T_ky_flare_a.uasset" 494
"E:/VikingLevel/Content/Materials/M_ky_flare_flash.uasset" 495
"E:/VikingLevel/Content/Materials/MI_ky_flare_flash_trs.uasset" 496
"E:/VikingLevel/Content/Particles/P_ky_fireBall.uasset" 497
"E:/VikingLevel/Content/Blueprints/BP_Particle_Fireball.uasset" 498
"E:/VikingLevel/Content/Blueprints/MasterBlueprints/BP_MasterInteraction.uasset" 499
"E:/VikingLevel/Content/VikingAssets/Textures/Texture_01.uasset" 500
"E:/VikingLevel/Content/VikingAssets/Textures/Texture_01_Mat.uasset" 501
"E:/VikingLevel/Content/Materials/M_InteractionOutline.uasset" 502
"E:/VikingLevel/Content/Materials/MIC_InteractionOutline.uasset" 503
"E:/VikingLevel/Content/VikingAssets/Textures/lambert590.uasset" 504
"E:/VikingLevel/Content/VikingAssets/Props/SM_Prop_Flag_01.uasset" 505
"E:/VikingLevel/Content/Blueprints/Interactables/BP_LevelLoader.uasset" 506
"E:/VikingLevel/Content/Blueprints/SideScrollerGameMode.uasset" 507
"E:/VikingLevel/Content/VikingAssets/Props/SM_Env_Path_Wood_Plank_01.uasset" 508
"E:/VikingLevel/Content/David/FallingPlanks/Normal/WoodPlank01_DestroyAfterFall.uasset" 509
"E:/VikingLevel/Content/VikingAssets/Props/SM_Env_Path_Wood_Plank_02.uasset" 510
"E:/VikingLevel/Content/David/FallingPlanks/Normal/WoodPlank02.uasset" 511
"E:/VikingLevel/Content/David/FallingPlanks/Normal/WoodPlank02_DestroyAfterFall.uasset" 512
"E:/VikingLevel/Content/David/FallingPlanks/Normal/WoodPlank03.uasset" 513
"E:/VikingLevel/Content/David/FallingPlanks/Normal/WoodPlank03_DestroyAfterFall.uasset" 514
"E:/VikingLevel/Content/VikingAssets/Textures/lambert595.uasset" 515
"E:/VikingLevel/Content/VikingAssets/PropsSnow/SM_Env_Path_Wood_Plank_01_Snow.uasset" 516
"E:/VikingLevel/Content/David/FallingPlanks/Snow/WoodPlank01_Snow_DestroyAfterFall.uasset" 517
"E:/VikingLevel/Content/VikingAssets/PropsSnow/SM_Env_Path_Wood_Plank_02_Snow.uasset" 518
"E:/VikingLevel/Content/David/FallingPlanks/Snow/WoodPlank02_Snow.uasset" 519
"E:/VikingLevel/Content/David/FallingPlanks/Snow/WoodPlank02_Snow_DestroyAfterFall.uasset" 520
"E:/VikingLevel/Content/VikingAssets/PropsSnow/SM_Env_Path_Wood_Plank_03_Snow.uasset" 521
"E:/VikingLevel/Content/David/FallingPlanks/Snow/WoodPlank03_Snow.uasset" 522
"E:/VikingLevel/Content/David/FallingPlanks/Snow/WoodPlank03_Snow_DestroyAfterFall.uasset" 523
"E:/VikingLevel/Content/VikingAssets/Scenery/SM_Env_IceChunk_01.uasset" 524
"E:/VikingLevel/Content/David/IcePlatforms/FallingIceChunk01.uasset" 525
"E:/VikingLevel/Content/VikingAssets/Scenery/SM_Env_IceChunk_03.uasset" 526
"E:/VikingLevel/Content/David/IcePlatforms/MovingIceChunk03.uasset" 527
"E:/VikingLevel/Content/VikingAssets/Scenery/SM_Env_IceChunk_04.uasset" 528
"E:/VikingLevel/Content/David/IcePlatforms/MovingIceChunk04.uasset" 529
"../../../Engine/Content/BasicShapes/BasicShapeMaterial.uasset" 530
"../../../Engine/Content/BasicShapes/Sphere.uasset" 531
"E:/VikingLevel/Content/Point_of_Interest_Delete_After_Use.uasset" 532
"E:/VikingLevel/Content/Point_of_Interest_Delete_After_Use2.uasset" 533
"E:/VikingLevel/Content/Point_of_Interest_Delete_After_Use3.uasset" 534
"E:/VikingLevel/Content/Point_of_Interest_Delete_After_Use4.uasset" 535
"E:/VikingLevel/Content/Point_of_Interest_Delete_After_Use5.uasset" 536
"E:/VikingLevel/Content/Point_of_Interest_Delete_After_Use6.uasset" 537
"E:/VikingLevel/Content/Point_of_Interest_Delete_After_Use7.uasset" 538
"E:/VikingLevel/Content/Point_of_Interest_Delete_After_Use8.uasset" 539
"E:/VikingLevel/Content/Point_of_Interest_Delete_After_Use9.uasset" 540
"E:/VikingLevel/Content/Maps/LevelMap_BuiltData.uasset" 541
"E:/VikingLevel/Content/Textures/BloodAlpha.uasset" 542
"E:/VikingLevel/Content/Materials/BloodAlpha_Mat.uasset" 543
"E:/VikingLevel/Content/VikingAssets/Textures/lambert3.uasset" 544
"E:/VikingLevel/Content/VikingAssets/Textures/lambert593.uasset" 545
"E:/VikingLevel/Content/VikingAssets/Textures/Texture_01_Dark.uasset" 546
"E:/VikingLevel/Content/VikingAssets/Textures/Texture_01_Dark_Mat.uasset" 547
"E:/VikingLevel/Content/VikingAssets/Textures/Texture_Snow_To_Grass.uasset" 548
"E:/VikingLevel/Content/VikingAssets/Textures/Texture_Snow_To_Grass_Mat.uasset" 549
"E:/VikingLevel/Content/VikingAssets/Textures/TextureVariation_02.uasset" 550
"E:/VikingLevel/Content/VikingAssets/Textures/TextureVariation_02_Mat.uasset" 551
"E:/VikingLevel/Content/VikingAssets/Textures/TextureVariation_03.uasset" 552
"E:/VikingLevel/Content/VikingAssets/Textures/TextureVariation_03_Mat.uasset" 553
"../../../Engine/Content/TemplateResources/M_Template_Master.uasset" 554
"../../../Engine/Content/TemplateResources/MI_Template_BaseGray_02_Metal.uasset" 555
"E:/VikingLevel/Content/Textures/T_Env_Fire_T3_Background_Sky_E.uasset" 556
"E:/VikingLevel/Content/Materials/SimpleEmmisiveMaster.uasset" 557
"E:/VikingLevel/Content/Textures/T_Env_Fire_T3_Background_Sky_D.uasset" 558
"E:/VikingLevel/Content/Textures/T_Env_Fire_T3_Background_Sky_N.uasset" 559
"E:/VikingLevel/Content/Materials/M_Fire_T3_Background_Sky_inst.uasset" 560
"../../../Engine/Content/BasicShapes/Plane.uasset" 561
"E:/VikingLevel/Content/Textures/T_Env_Fire_deco_Chain2D.uasset" 562
"E:/VikingLevel/Content/Materials/M_Env_Fire_deco_Chains.uasset" 563
"E:/VikingLevel/Content/Meshes/SM_Env_Path_Rocks.uasset" 564
"../../../Engine/Content/Functions/Engine_MaterialFunctions02/ExampleContent/Gradient.uasset" 565
"../../../Engine/Content/Functions/Engine_MaterialFunctions02/ExampleContent/Greyscale.uasset" 566
"../../../Engine/Content/Functions/Engine_MaterialFunctions02/Gradients/GradientMap_Multi.uasset" 567
"../../../Engine/Content/Functions/Engine_MaterialFunctions02/Math/TimeWithSpeedVariable.uasset" 568
"../../../Engine/Content/Functions/Engine_MaterialFunctions02/PassThrough.uasset" 569
"../../../Engine/Content/Functions/Engine_MaterialFunctions02/SafeNormalize.uasset" 570
"../../../Engine/Content/Functions/Engine_MaterialFunctions02/Utility/DebugFloat3Values.uasset" 571
"../../../Engine/Content/Functions/Engine_MaterialFunctions02/Utility/DebugFloat4Values.uasset" 572
"../../../Engine/Content/Functions/Engine_MaterialFunctions02/Normals/UnpackNormalFromFloat.uasset" 573
"../../../Engine/Content/Functions/Engine_MaterialFunctions02/ExampleContent/TextureBasedWPO/DemoBox.uasset" 574
"../../../Engine/Content/Functions/Engine_MaterialFunctions02/ExampleContent/TextureBasedWPO/DemoBox_Normals.uasset" 575
"../../../Engine/Content/Functions/Engine_MaterialFunctions02/MAXScripts/MS_VertexAnimationTools_MorphTargets.uasset" 576
"E:/VikingLevel/Content/Materials/MPC_Globals.uasset" 577
"E:/VikingLevel/Content/Textures/T_SpecularHighlights.uasset" 578
"E:/VikingLevel/Content/Materials/MF_FakeSpecular.uasset" 579
"E:/VikingLevel/Content/Materials/MF_FixedDepth.uasset" 580
"E:/VikingLevel/Content/Materials/MF_OceanWavesWPO.uasset" 581
"E:/VikingLevel/Content/Materials/MF_OceanDepth_UVs.uasset" 582
"E:/VikingLevel/Content/Materials/MF_Foam_Motion.uasset" 583
"E:/VikingLevel/Content/Materials/MF_OceanWave_Motion.uasset" 584
"E:/VikingLevel/Content/Textures/T_Cubemap.uasset" 585
"E:/VikingLevel/Content/Textures/T_Noise_Stormy.uasset" 586
"E:/VikingLevel/Content/Textures/T_Noises.uasset" 587
"E:/VikingLevel/Content/Textures/T_Ocean_EdgeFoam.uasset" 588
"E:/VikingLevel/Content/Textures/T_Ocean_Foam.uasset" 589
"E:/VikingLevel/Content/Textures/T_Ocean_Waves01.uasset" 590
"E:/VikingLevel/Content/Textures/T_Ocean_Waves01_Normals.uasset" 591
"E:/VikingLevel/Content/Textures/T_Ocean_Waves02.uasset" 592
"E:/VikingLevel/Content/Textures/T_Ocean_Waves02_Normals.uasset" 593
"E:/VikingLevel/Content/Textures/T_Ocean_Waves_Shore.uasset" 594
"E:/VikingLevel/Content/Textures/T_Ocean_Waves_Shore_Normals.uasset" 595
"E:/VikingLevel/Content/Textures/T_Water_Normal.uasset" 596
"E:/VikingLevel/Content/Textures/T_Water_Normal_Large.uasset" 597
"E:/VikingLevel/Content/Materials/M_Ocean.uasset" 598
"E:/VikingLevel/Content/Meshes/SM_Water_Plane.uasset" 599
"E:/VikingLevel/Content/Textures/T_Waterfall_Foam.uasset" 600
"E:/VikingLevel/Content/Textures/T_Waterfall_Foam_Directional.uasset" 601
"E:/VikingLevel/Content/Materials/M_Waterfall.uasset" 602
"E:/VikingLevel/Content/Materials/MIC_Waterfall_Arc.uasset" 603
"E:/VikingLevel/Content/Meshes/SM_Waterfall_Arc.uasset" 604
"E:/VikingLevel/Content/VikingAssets/Buildings/SM_Bld_BoatHouse_01.uasset" 605
"E:/VikingLevel/Content/VikingAssets/Buildings/SM_Bld_Stall_Cover_01.uasset" 606
"E:/VikingLevel/Content/VikingAssets/BuildingsSNow/SM_Bld_Base_Long_02_Snow.uasset" 607
"E:/VikingLevel/Content/VikingAssets/BuildingsSNow/SM_Bld_Base_Long_Door_01_Snow.uasset" 608
"E:/VikingLevel/Content/VikingAssets/BuildingsSNow/SM_Bld_Door_01_Snow.uasset" 609
"E:/VikingLevel/Content/VikingAssets/BuildingsSNow/SM_Bld_Guard_Tower_01_Snow.uasset" 610
"E:/VikingLevel/Content/VikingAssets/BuildingsSNow/SM_Bld_Roof_02_Snow.uasset" 611
"E:/VikingLevel/Content/VikingAssets/BuildingsSNow/SM_Bld_Roof_Long_01_Snow.uasset" 612
"E:/VikingLevel/Content/VikingAssets/BuildingsSNow/SM_Bld_Stall_Cover_01_Snow.uasset" 613
"E:/VikingLevel/Content/VikingAssets/Foliage/SM_Env_Flax_01.uasset" 614
"E:/VikingLevel/Content/VikingAssets/Foliage/SM_Env_Flax_02.uasset" 615
"E:/VikingLevel/Content/VikingAssets/Foliage/SM_Env_Flax_03.uasset" 616
"E:/VikingLevel/Content/VikingAssets/Foliage/SM_Env_Grass_03.uasset" 617
"E:/VikingLevel/Content/VikingAssets/Foliage/SM_Env_Reeds_02.uasset" 618
"E:/VikingLevel/Content/VikingAssets/FoliageSnow/SM_Env_Grass_Large_01_Snow.uasset" 619
"E:/VikingLevel/Content/VikingAssets/FoliageSnow/SM_Env_Grass_Large_02_Snow.uasset" 620
"E:/VikingLevel/Content/VikingAssets/FoliageSnow/SM_Env_Tree_Pine_01_Snow.uasset" 621
"E:/VikingLevel/Content/VikingAssets/FoliageSnow/SM_Env_Tree_Pine_02_Snow.uasset" 622
"E:/VikingLevel/Content/VikingAssets/FoliageSnow/SM_Env_Tree_Pine_03_Snow.uasset" 623
"E:/VikingLevel/Content/VikingAssets/FoliageSnow/SM_Env_Tree_Pine_04_Snow.uasset" 624
"E:/VikingLevel/Content/VikingAssets/FoliageSnow/SM_Env_Tree_Pine_Large_01_Snow.uasset" 625
"E:/VikingLevel/Content/VikingAssets/FoliageSnow/SM_Env_Tree_Pine_Large_02_Snow.uasset" 626
"E:/VikingLevel/Content/VikingAssets/FoliageSnow/SM_Env_Tree_Pine_Large_03_Snow.uasset" 627
"E:/VikingLevel/Content/VikingAssets/Props/SM_Env_House_Rocks_Large_01.uasset" 628
"E:/VikingLevel/Content/VikingAssets/Props/SM_Env_House_Rocks_Small_01.uasset" 629
"E:/VikingLevel/Content/VikingAssets/Props/SM_Env_Path_Wood_01.uasset" 630
"E:/VikingLevel/Content/VikingAssets/Props/SM_Env_Path_Wood_02.uasset" 631
"E:/VikingLevel/Content/VikingAssets/Props/SM_Env_Path_Wood_Side_01.uasset" 632
"E:/VikingLevel/Content/VikingAssets/Props/SM_Prop_Anvil_01.uasset" 633
"E:/VikingLevel/Content/VikingAssets/Props/SM_Prop_Anvil_Stump_01.uasset" 634
"E:/VikingLevel/Content/VikingAssets/Props/SM_Prop_Archway_01.uasset" 635
"E:/VikingLevel/Content/VikingAssets/Props/SM_Prop_Barrel_Half_01.uasset" 636
"E:/VikingLevel/Content/VikingAssets/Props/SM_Prop_Barrel_Half_02.uasset" 637
"E:/VikingLevel/Content/VikingAssets/Props/SM_Prop_Beer_Mug_01.uasset" 638
"E:/VikingLevel/Content/VikingAssets/Props/SM_Prop_Beer_Mug_02.uasset" 639
"E:/VikingLevel/Content/VikingAssets/Props/SM_Prop_Bench_01.uasset" 640
"E:/VikingLevel/Content/VikingAssets/Props/SM_Prop_Boat_Broken_01.uasset" 641
"E:/VikingLevel/Content/VikingAssets/Props/SM_Prop_Boat_Build_01.uasset" 642
"E:/VikingLevel/Content/VikingAssets/Props/SM_Prop_BoatRamp_01.uasset" 643
"E:/VikingLevel/Content/VikingAssets/Props/SM_Prop_Chest_01.uasset" 644
"E:/VikingLevel/Content/VikingAssets/Props/SM_Prop_Chest_Lid_01.uasset" 645
"E:/VikingLevel/Content/VikingAssets/Props/SM_Prop_Cow_Skull_01.uasset" 646
"E:/VikingLevel/Content/VikingAssets/Props/SM_Prop_Crate_Base_01.uasset" 647
"E:/VikingLevel/Content/VikingAssets/Props/SM_Prop_Crate_Open_01.uasset" 648
"E:/VikingLevel/Content/VikingAssets/Props/SM_Prop_Cross_01.uasset" 649
"E:/VikingLevel/Content/VikingAssets/Props/SM_Prop_Cross_02.uasset" 650
"E:/VikingLevel/Content/VikingAssets/Props/SM_Prop_Fence_Stick_01.uasset" 651
"E:/VikingLevel/Content/VikingAssets/Props/SM_Prop_Fish_02.uasset" 652
"E:/VikingLevel/Content/VikingAssets/Props/SM_Prop_Fish_Dead_01.uasset" 653
"E:/VikingLevel/Content/VikingAssets/Props/SM_Prop_Fish_Dead_02.uasset" 654
"E:/VikingLevel/Content/VikingAssets/Props/SM_Prop_Fish_Hanging_01.uasset" 655
"E:/VikingLevel/Content/VikingAssets/Props/SM_Prop_Fish_Hanging_02.uasset" 656
"E:/VikingLevel/Content/VikingAssets/Props/SM_Prop_Fish_Pile_01.uasset" 657
"E:/VikingLevel/Content/VikingAssets/Props/SM_Prop_Fish_Rack_02.uasset" 658
"E:/VikingLevel/Content/VikingAssets/Props/SM_Prop_Fur_Roll_01.uasset" 659
"E:/VikingLevel/Content/VikingAssets/Props/SM_Prop_Fur_Roll_02.uasset" 660
"E:/VikingLevel/Content/VikingAssets/Props/SM_Prop_Fur_Roll_03.uasset" 661
"E:/VikingLevel/Content/VikingAssets/Props/SM_Prop_Goblet_01.uasset" 662
"E:/VikingLevel/Content/VikingAssets/Props/SM_Prop_GoldBar_01.uasset" 663
"E:/VikingLevel/Content/VikingAssets/Props/SM_Prop_Log_01.uasset" 664
"E:/VikingLevel/Content/VikingAssets/Props/SM_Prop_Logs_01.uasset" 665
"E:/VikingLevel/Content/VikingAssets/Props/SM_Prop_Net_01.uasset" 666
"E:/VikingLevel/Content/VikingAssets/Props/SM_Prop_Oar_01.uasset" 667
"E:/VikingLevel/Content/VikingAssets/Props/SM_Prop_Rack_01.uasset" 668
"E:/VikingLevel/Content/VikingAssets/Props/SM_Prop_Rope_01.uasset" 669
"E:/VikingLevel/Content/VikingAssets/Props/SM_Prop_Rope_02.uasset" 670
"E:/VikingLevel/Content/VikingAssets/Props/SM_Prop_Seat_01.uasset" 671
"E:/VikingLevel/Content/VikingAssets/Props/SM_Prop_Skull_02.uasset" 672
"E:/VikingLevel/Content/VikingAssets/Props/SM_Prop_Skull_Pole_01.uasset" 673
"E:/VikingLevel/Content/VikingAssets/Props/SM_Prop_Table_01.uasset" 674
"E:/VikingLevel/Content/VikingAssets/Props/SM_Prop_TorchStick_01.uasset" 675
"E:/VikingLevel/Content/VikingAssets/Props/SM_Prop_Wagon_01.uasset" 676
"E:/VikingLevel/Content/VikingAssets/Props/SM_Prop_Wheel_Barrow_01.uasset" 677
"E:/VikingLevel/Content/VikingAssets/Props/SM_Stone_Statue_01.uasset" 678
"E:/VikingLevel/Content/VikingAssets/Props/SM_Veh_Boat_01.uasset" 679
"E:/VikingLevel/Content/VikingAssets/Props/SM_Veh_BoatHead_02.uasset" 680
"E:/VikingLevel/Content/VikingAssets/Props/SM_Veh_FishingBoat_01.uasset" 681
"E:/VikingLevel/Content/VikingAssets/Props/SM_Veh_Sail_Closed_01.uasset" 682
"E:/VikingLevel/Content/VikingAssets/PropsSnow/SM_Env_Path_Wood_01_Snow.uasset" 683
"E:/VikingLevel/Content/VikingAssets/PropsSnow/SM_Prop_Anvil_Stump_01_Snow.uasset" 684
"E:/VikingLevel/Content/VikingAssets/PropsSnow/SM_Prop_Dock_01_Snow.uasset" 685
"E:/VikingLevel/Content/VikingAssets/PropsSnow/SM_Prop_Dock_02_Snow.uasset" 686
"E:/VikingLevel/Content/VikingAssets/PropsSnow/SM_Prop_Fence_Wood_Large_01_Snow.uasset" 687
"E:/VikingLevel/Content/VikingAssets/PropsSnow/SM_Prop_Fish_Rack_02_Snow.uasset" 688
"E:/VikingLevel/Content/VikingAssets/PropsSnow/SM_Prop_Ladder_01_Snow.uasset" 689
"E:/VikingLevel/Content/VikingAssets/PropsSnow/SM_Prop_Log_01_Snow.uasset" 690
"E:/VikingLevel/Content/VikingAssets/PropsSnow/SM_Prop_Logs_01_Snow.uasset" 691
"E:/VikingLevel/Content/VikingAssets/PropsSnow/SM_Prop_Pole_01_Snow.uasset" 692
"E:/VikingLevel/Content/VikingAssets/PropsSnow/SM_Prop_Seat_01_Snow.uasset" 693
"E:/VikingLevel/Content/VikingAssets/PropsSnow/SM_Prop_Skull_Pole_01_Snow.uasset" 694
"E:/VikingLevel/Content/VikingAssets/PropsSnow/SM_Prop_Spikes_01_Snow.uasset" 695
"E:/VikingLevel/Content/VikingAssets/PropsSnow/SM_Prop_Village_Entrance_01_Snow.uasset" 696
"E:/VikingLevel/Content/VikingAssets/PropsSnow/SM_Prop_Wood_Spike_01_Snow.uasset" 697
"E:/VikingLevel/Content/VikingAssets/PropsSnow/SM_Prop_Wood_Spike_02_Snow.uasset" 698
"E:/VikingLevel/Content/VikingAssets/PropsSnow/SM_Prop_Wood_Spike_03_Snow.uasset" 699
"E:/VikingLevel/Content/VikingAssets/PropsSnow/SM_Prop_Wood_Spike_04_Snow.uasset" 700
"E:/VikingLevel/Content/VikingAssets/PropsSnow/SM_Veh_Boat_01_Snow.uasset" 701
"E:/VikingLevel/Content/VikingAssets/Scenery/SM_Env_Beach_01.uasset" 702
"E:/VikingLevel/Content/VikingAssets/Scenery/SM_Env_Beach_Long_01.uasset" 703
"E:/VikingLevel/Content/VikingAssets/Scenery/SM_Env_Dirt_Tile_Large_02.uasset" 704
"E:/VikingLevel/Content/VikingAssets/Scenery/SM_Env_Glacier_01.uasset" 705
"E:/VikingLevel/Content/VikingAssets/Scenery/SM_Env_Glacier_03.uasset" 706
"E:/VikingLevel/Content/VikingAssets/Scenery/SM_Env_Glacier_Arch_01.uasset" 707
"E:/VikingLevel/Content/VikingAssets/Scenery/SM_Env_GrassPatch_01.uasset" 708
"E:/VikingLevel/Content/VikingAssets/Scenery/SM_Env_Iceberg_02.uasset" 709
"E:/VikingLevel/Content/VikingAssets/Scenery/SM_Env_IceChunk_02.uasset" 710
"E:/VikingLevel/Content/VikingAssets/Scenery/SM_Env_IceChunk_05.uasset" 711
"E:/VikingLevel/Content/VikingAssets/Scenery/SM_Env_IceChunk_06.uasset" 712
"E:/VikingLevel/Content/VikingAssets/Scenery/SM_Env_Mountains_01.uasset" 713
"E:/VikingLevel/Content/VikingAssets/Scenery/SM_Env_Mountains_02.uasset" 714
"E:/VikingLevel/Content/VikingAssets/Scenery/SM_Env_Mountains_03.uasset" 715
"E:/VikingLevel/Content/VikingAssets/Scenery/SM_Env_Trench_01.uasset" 716
"E:/VikingLevel/Content/VikingAssets/ScenerySnow/SM_Env_Beach_01_Snow.uasset" 717
"E:/VikingLevel/Content/VikingAssets/ScenerySnow/SM_Env_Beach_Long_01_Snow.uasset" 718
"E:/VikingLevel/Content/VikingAssets/ScenerySnow/SM_Env_Beach_Long_02_Snow.uasset" 719
"E:/VikingLevel/Content/VikingAssets/ScenerySnow/SM_Env_Dirt_Mound_03_Snow.uasset" 720
"E:/VikingLevel/Content/VikingAssets/ScenerySnow/SM_Env_GrassPatch_01_Snow.uasset" 721
"E:/VikingLevel/Content/VikingAssets/ScenerySnow/SM_Env_GrassPatch_02_Snow.uasset" 722
"E:/VikingLevel/Content/VikingAssets/ScenerySnow/SM_Env_GrassPatch_03_Snow.uasset" 723
"E:/VikingLevel/Content/VikingAssets/ScenerySnow/SM_Env_GrassPatch_04_Snow.uasset" 724
"E:/VikingLevel/Content/VikingAssets/ScenerySnow/SM_Env_Rock_01_Snow.uasset" 725
"E:/VikingLevel/Content/VikingAssets/ScenerySnow/SM_Env_Rock_02_Snow.uasset" 726
"E:/VikingLevel/Content/VikingAssets/ScenerySnow/SM_Env_Rock_05_Snow.uasset" 727
"E:/VikingLevel/Content/VikingAssets/ScenerySnow/SM_Env_Rock_06_Snow.uasset" 728
"E:/VikingLevel/Content/VikingAssets/ScenerySnow/SM_Env_Trench_01_Snow.uasset" 729
"E:/VikingLevel/Content/VikingAssets/Weapons/SM_Wep_Axe_01.uasset" 730
"E:/VikingLevel/Content/VikingAssets/Weapons/SM_Wep_Axe_02.uasset" 731
"E:/VikingLevel/Content/VikingAssets/Weapons/SM_Wep_Hammer_01.uasset" 732
"E:/VikingLevel/Content/VikingAssets/Weapons/SM_Wep_LargeAxe_01.uasset" 733
"E:/VikingLevel/Content/VikingAssets/Weapons/SM_Wep_Saw_01.uasset" 734
"E:/VikingLevel/Content/VikingAssets/Weapons/SM_Wep_Spade_01.uasset" 735
"E:/VikingLevel/Content/VikingAssets/Weapons/SM_Wep_Sword_01.uasset" 736
"E:/VikingLevel/Content/VikingAssets/Weapons/SM_Wep_Tongs_01.uasset" 737
"E:/VikingLevel/Content/Maps/LevelMap.umap" 738
"E:/VikingLevel/Content/SvetoslavIvanov_Menu/MenuAssets/1080normal.uasset" 739
"E:/VikingLevel/Content/SvetoslavIvanov_Menu/MenuAssets/640Normal.uasset" 740
"E:/VikingLevel/Content/SvetoslavIvanov_Menu/MenuAssets/720Normal.uasset" 741
"E:/VikingLevel/Content/SvetoslavIvanov_Menu/MenuAssets/MainMenuNormal.uasset" 742
"E:/VikingLevel/Content/SvetoslavIvanov_Menu/MenuAssets/OptionsNormal.uasset" 743
"E:/VikingLevel/Content/SvetoslavIvanov_Menu/MenuAssets/QuitGameNormal.uasset" 744
"E:/VikingLevel/Content/SvetoslavIvanov_Menu/MenuAssets/StartGameNormal.uasset" 745
"E:/VikingLevel/Content/SvetoslavIvanov_Menu/MenuAssets/town.uasset" 746
"E:/VikingLevel/Content/SvetoslavIvanov_Menu/MainMenuWidget.uasset" 747
"E:/VikingLevel/Content/SvetoslavIvanov_Menu/MainMenuHUD.uasset" 748
"E:/VikingLevel/Content/Blueprints/MenuGameMode.uasset" 749
"E:/VikingLevel/Content/SvetoslavIvanov_Menu/Menu.umap" 750
